This is pdfTeX, Version 3.141592653-2.6-1.40.23 (TeX Live 2022/dev) (preloaded format=pdflatex 2021.8.6)  13 AUG 2021 15:54
entering extended mode
 restricted \write18 enabled.
 %&-line parsing enabled.
**Fake_News_Data_Stats.tex
(./Fake_News_Data_Stats.tex
LaTeX2e <2021-06-01> patch level 1
L3 programming layer <2021-07-12> (/Users/natybaleiuda/Library/TinyTeX/texmf-di
st/tex/latex/base/article.cls
Document Class: article 2021/02/12 v1.4n Standard LaTeX document class
(/Users/natybaleiuda/Library/TinyTeX/texmf-dist/tex/latex/base/size10.clo
File: size10.clo 2021/02/12 v1.4n Standard LaTeX file (size option)
)
\c@part=\count182
\c@section=\count183
\c@subsection=\count184
\c@subsubsection=\count185
\c@paragraph=\count186
\c@subparagraph=\count187
\c@figure=\count188
\c@table=\count189
\abovecaptionskip=\skip47
\belowcaptionskip=\skip48
\bibindent=\dimen138
) (/Users/natybaleiuda/Library/TinyTeX/texmf-dist/tex/latex/amsmath/amsmath.sty
Package: amsmath 2021/04/20 v2.17j AMS math features
\@mathmargin=\skip49
For additional information on amsmath, use the `?' option.
(/Users/natybaleiuda/Library/TinyTeX/texmf-dist/tex/latex/amsmath/amstext.sty
Package: amstext 2000/06/29 v2.01 AMS text
(/Users/natybaleiuda/Library/TinyTeX/texmf-dist/tex/latex/amsmath/amsgen.sty
File: amsgen.sty 1999/11/30 v2.0 generic functions
\@emptytoks=\toks16
\ex@=\dimen139
)) (/Users/natybaleiuda/Library/TinyTeX/texmf-dist/tex/latex/amsmath/amsbsy.sty
Package: amsbsy 1999/11/29 v1.2d Bold Symbols
\pmbraise@=\dimen140
) (/Users/natybaleiuda/Library/TinyTeX/texmf-dist/tex/latex/amsmath/amsopn.sty
Package: amsopn 2016/03/08 v2.02 operator names
)
\inf@bad=\count190
LaTeX Info: Redefining \frac on input line 234.
\uproot@=\count191
\leftroot@=\count192
LaTeX Info: Redefining \overline on input line 399.
\classnum@=\count193
\DOTSCASE@=\count194
LaTeX Info: Redefining \ldots on input line 496.
LaTeX Info: Redefining \dots on input line 499.
LaTeX Info: Redefining \cdots on input line 620.
\Mathstrutbox@=\box50
\strutbox@=\box51
\big@size=\dimen141
LaTeX Font Info:    Redeclaring font encoding OML on input line 743.
LaTeX Font Info:    Redeclaring font encoding OMS on input line 744.
\macc@depth=\count195
\c@MaxMatrixCols=\count196
\dotsspace@=\muskip16
\c@parentequation=\count197
\dspbrk@lvl=\count198
\tag@help=\toks17
\row@=\count199
\column@=\count266
\maxfields@=\count267
\andhelp@=\toks18
\eqnshift@=\dimen142
\alignsep@=\dimen143
\tagshift@=\dimen144
\tagwidth@=\dimen145
\totwidth@=\dimen146
\lineht@=\dimen147
\@envbody=\toks19
\multlinegap=\skip50
\multlinetaggap=\skip51
\mathdisplay@stack=\toks20
LaTeX Info: Redefining \[ on input line 2923.
LaTeX Info: Redefining \] on input line 2924.
) (/Users/natybaleiuda/Library/TinyTeX/texmf-dist/tex/latex/amsfonts/amssymb.st
y
Package: amssymb 2013/01/14 v3.01 AMS font symbols

(/Users/natybaleiuda/Library/TinyTeX/texmf-dist/tex/latex/amsfonts/amsfonts.sty
Package: amsfonts 2013/01/14 v3.01 Basic AMSFonts support
\symAMSa=\mathgroup4
\symAMSb=\mathgroup5
LaTeX Font Info:    Redeclaring math symbol \hbar on input line 98.
LaTeX Font Info:    Overwriting math alphabet `\mathfrak' in version `bold'
(Font)                  U/euf/m/n --> U/euf/b/n on input line 106.
)) (/Users/natybaleiuda/Library/TinyTeX/texmf-dist/tex/latex/lm/lmodern.sty
Package: lmodern 2015/05/01 v1.6.1 Latin Modern Fonts
LaTeX Font Info:    Overwriting symbol font `operators' in version `normal'
(Font)                  OT1/cmr/m/n --> OT1/lmr/m/n on input line 22.
LaTeX Font Info:    Overwriting symbol font `letters' in version `normal'
(Font)                  OML/cmm/m/it --> OML/lmm/m/it on input line 23.
LaTeX Font Info:    Overwriting symbol font `symbols' in version `normal'
(Font)                  OMS/cmsy/m/n --> OMS/lmsy/m/n on input line 24.
LaTeX Font Info:    Overwriting symbol font `largesymbols' in version `normal'
(Font)                  OMX/cmex/m/n --> OMX/lmex/m/n on input line 25.
LaTeX Font Info:    Overwriting symbol font `operators' in version `bold'
(Font)                  OT1/cmr/bx/n --> OT1/lmr/bx/n on input line 26.
LaTeX Font Info:    Overwriting symbol font `letters' in version `bold'
(Font)                  OML/cmm/b/it --> OML/lmm/b/it on input line 27.
LaTeX Font Info:    Overwriting symbol font `symbols' in version `bold'
(Font)                  OMS/cmsy/b/n --> OMS/lmsy/b/n on input line 28.
LaTeX Font Info:    Overwriting symbol font `largesymbols' in version `bold'
(Font)                  OMX/cmex/m/n --> OMX/lmex/m/n on input line 29.
LaTeX Font Info:    Overwriting math alphabet `\mathbf' in version `normal'
(Font)                  OT1/cmr/bx/n --> OT1/lmr/bx/n on input line 31.
LaTeX Font Info:    Overwriting math alphabet `\mathsf' in version `normal'
(Font)                  OT1/cmss/m/n --> OT1/lmss/m/n on input line 32.
LaTeX Font Info:    Overwriting math alphabet `\mathit' in version `normal'
(Font)                  OT1/cmr/m/it --> OT1/lmr/m/it on input line 33.
LaTeX Font Info:    Overwriting math alphabet `\mathtt' in version `normal'
(Font)                  OT1/cmtt/m/n --> OT1/lmtt/m/n on input line 34.
LaTeX Font Info:    Overwriting math alphabet `\mathbf' in version `bold'
(Font)                  OT1/cmr/bx/n --> OT1/lmr/bx/n on input line 35.
LaTeX Font Info:    Overwriting math alphabet `\mathsf' in version `bold'
(Font)                  OT1/cmss/bx/n --> OT1/lmss/bx/n on input line 36.
LaTeX Font Info:    Overwriting math alphabet `\mathit' in version `bold'
(Font)                  OT1/cmr/bx/it --> OT1/lmr/bx/it on input line 37.
LaTeX Font Info:    Overwriting math alphabet `\mathtt' in version `bold'
(Font)                  OT1/cmtt/m/n --> OT1/lmtt/m/n on input line 38.
) (/Users/natybaleiuda/Library/TinyTeX/texmf-dist/tex/generic/iftex/ifxetex.sty
Package: ifxetex 2019/10/25 v0.7 ifxetex legacy package. Use iftex instead.
(/Users/natybaleiuda/Library/TinyTeX/texmf-dist/tex/generic/iftex/iftex.sty
Package: iftex 2020/03/06 v1.0d TeX engine tests
)) (/Users/natybaleiuda/Library/TinyTeX/texmf-dist/tex/generic/iftex/ifluatex.s
ty
Package: ifluatex 2019/10/25 v1.5 ifluatex legacy package. Use iftex instead.
) (/Users/natybaleiuda/Library/TinyTeX/texmf-dist/tex/latex/base/fontenc.sty
Package: fontenc 2021/04/29 v2.0v Standard LaTeX package
LaTeX Font Info:    Trying to load font information for T1+lmr on input line 11
2.
(/Users/natybaleiuda/Library/TinyTeX/texmf-dist/tex/latex/lm/t1lmr.fd
File: t1lmr.fd 2015/05/01 v1.6.1 Font defs for Latin Modern
)) (/Users/natybaleiuda/Library/TinyTeX/texmf-dist/tex/latex/base/inputenc.sty
Package: inputenc 2021/02/14 v1.3d Input encoding file
\inpenc@prehook=\toks21
\inpenc@posthook=\toks22
) (/Users/natybaleiuda/Library/TinyTeX/texmf-dist/tex/latex/base/textcomp.sty
Package: textcomp 2020/02/02 v2.0n Standard LaTeX package
) (/Users/natybaleiuda/Library/TinyTeX/texmf-dist/tex/latex/xcolor/xcolor.sty
Package: xcolor 2016/05/11 v2.12 LaTeX color extensions (UK)

(/Users/natybaleiuda/Library/TinyTeX/texmf-dist/tex/latex/graphics-cfg/color.cf
g
File: color.cfg 2016/01/02 v1.6 sample color configuration
)
Package xcolor Info: Driver file: pdftex.def on input line 225.

(/Users/natybaleiuda/Library/TinyTeX/texmf-dist/tex/latex/graphics-def/pdftex.d
ef
File: pdftex.def 2020/10/05 v1.2a Graphics/color driver for pdftex
)
Package xcolor Info: Model `cmy' substituted by `cmy0' on input line 1348.
Package xcolor Info: Model `hsb' substituted by `rgb' on input line 1352.
Package xcolor Info: Model `RGB' extended on input line 1364.
Package xcolor Info: Model `HTML' substituted by `rgb' on input line 1366.
Package xcolor Info: Model `Hsb' substituted by `hsb' on input line 1367.
Package xcolor Info: Model `tHsb' substituted by `hsb' on input line 1368.
Package xcolor Info: Model `HSB' substituted by `hsb' on input line 1369.
Package xcolor Info: Model `Gray' substituted by `gray' on input line 1370.
Package xcolor Info: Model `wave' substituted by `hsb' on input line 1371.
)
(/Users/natybaleiuda/Library/TinyTeX/texmf-dist/tex/latex/hyperref/hyperref.sty
Package: hyperref 2021-06-07 v7.00m Hypertext links for LaTeX

(/Users/natybaleiuda/Library/TinyTeX/texmf-dist/tex/generic/ltxcmds/ltxcmds.sty
Package: ltxcmds 2020-05-10 v1.25 LaTeX kernel commands for general use (HO)
)
(/Users/natybaleiuda/Library/TinyTeX/texmf-dist/tex/generic/pdftexcmds/pdftexcm
ds.sty
Package: pdftexcmds 2020-06-27 v0.33 Utility functions of pdfTeX for LuaTeX (HO
)

(/Users/natybaleiuda/Library/TinyTeX/texmf-dist/tex/generic/infwarerr/infwarerr
.sty
Package: infwarerr 2019/12/03 v1.5 Providing info/warning/error messages (HO)
)
Package pdftexcmds Info: \pdf@primitive is available.
Package pdftexcmds Info: \pdf@ifprimitive is available.
Package pdftexcmds Info: \pdfdraftmode found.
) (/Users/natybaleiuda/Library/TinyTeX/texmf-dist/tex/latex/graphics/keyval.sty
Package: keyval 2014/10/28 v1.15 key=value parser (DPC)
\KV@toks@=\toks23
)
(/Users/natybaleiuda/Library/TinyTeX/texmf-dist/tex/generic/kvsetkeys/kvsetkeys
.sty
Package: kvsetkeys 2019/12/15 v1.18 Key value parser (HO)
)
(/Users/natybaleiuda/Library/TinyTeX/texmf-dist/tex/generic/kvdefinekeys/kvdefi
nekeys.sty
Package: kvdefinekeys 2019-12-19 v1.6 Define keys (HO)
)
(/Users/natybaleiuda/Library/TinyTeX/texmf-dist/tex/generic/pdfescape/pdfescape
.sty
Package: pdfescape 2019/12/09 v1.15 Implements pdfTeX's escape features (HO)
) (/Users/natybaleiuda/Library/TinyTeX/texmf-dist/tex/latex/hycolor/hycolor.sty
Package: hycolor 2020-01-27 v1.10 Color options for hyperref/bookmark (HO)
)
(/Users/natybaleiuda/Library/TinyTeX/texmf-dist/tex/latex/letltxmacro/letltxmac
ro.sty
Package: letltxmacro 2019/12/03 v1.6 Let assignment for LaTeX macros (HO)
) (/Users/natybaleiuda/Library/TinyTeX/texmf-dist/tex/latex/auxhook/auxhook.sty
Package: auxhook 2019-12-17 v1.6 Hooks for auxiliary files (HO)
)
(/Users/natybaleiuda/Library/TinyTeX/texmf-dist/tex/latex/kvoptions/kvoptions.s
ty
Package: kvoptions 2020-10-07 v3.14 Key value format for package options (HO)
)
\@linkdim=\dimen148
\Hy@linkcounter=\count268
\Hy@pagecounter=\count269
(/Users/natybaleiuda/Library/TinyTeX/texmf-dist/tex/latex/hyperref/pd1enc.def
File: pd1enc.def 2021-06-07 v7.00m Hyperref: PDFDocEncoding definition (HO)
Now handling font encoding PD1 ...
... no UTF-8 mapping file for font encoding PD1
)
(/Users/natybaleiuda/Library/TinyTeX/texmf-dist/tex/latex/hyperref/hyperref-lan
gpatches.def
File: hyperref-langpatches.def 2021-06-07 v7.00m Hyperref: patches for babel la
nguages
)
(/Users/natybaleiuda/Library/TinyTeX/texmf-dist/tex/generic/intcalc/intcalc.sty
Package: intcalc 2019/12/15 v1.3 Expandable calculations with integers (HO)
)
(/Users/natybaleiuda/Library/TinyTeX/texmf-dist/tex/generic/etexcmds/etexcmds.s
ty
Package: etexcmds 2019/12/15 v1.7 Avoid name clashes with e-TeX commands (HO)
)
\Hy@SavedSpaceFactor=\count270
(/Users/natybaleiuda/Library/TinyTeX/texmf-dist/tex/latex/hyperref/puenc.def
File: puenc.def 2021-06-07 v7.00m Hyperref: PDF Unicode definition (HO)
Now handling font encoding PU ...
... no UTF-8 mapping file for font encoding PU
)
Package hyperref Info: Option `unicode' set `true' on input line 4073.
Package hyperref Info: Hyper figures OFF on input line 4192.
Package hyperref Info: Link nesting OFF on input line 4197.
Package hyperref Info: Hyper index ON on input line 4200.
Package hyperref Info: Plain pages OFF on input line 4207.
Package hyperref Info: Backreferencing OFF on input line 4212.
Package hyperref Info: Implicit mode ON; LaTeX internals redefined.
Package hyperref Info: Bookmarks ON on input line 4445.
\c@Hy@tempcnt=\count271
(/Users/natybaleiuda/Library/TinyTeX/texmf-dist/tex/latex/url/url.sty
\Urlmuskip=\muskip17
Package: url 2013/09/16  ver 3.4  Verb mode for urls, etc.
)
LaTeX Info: Redefining \url on input line 4804.
\XeTeXLinkMargin=\dimen149
(/Users/natybaleiuda/Library/TinyTeX/texmf-dist/tex/generic/bitset/bitset.sty
Package: bitset 2019/12/09 v1.3 Handle bit-vector datatype (HO)

(/Users/natybaleiuda/Library/TinyTeX/texmf-dist/tex/generic/bigintcalc/bigintca
lc.sty
Package: bigintcalc 2019/12/15 v1.5 Expandable calculations on big integers (HO
)
))
\Fld@menulength=\count272
\Field@Width=\dimen150
\Fld@charsize=\dimen151
Package hyperref Info: Hyper figures OFF on input line 6076.
Package hyperref Info: Link nesting OFF on input line 6081.
Package hyperref Info: Hyper index ON on input line 6084.
Package hyperref Info: backreferencing OFF on input line 6091.
Package hyperref Info: Link coloring OFF on input line 6096.
Package hyperref Info: Link coloring with OCG OFF on input line 6101.
Package hyperref Info: PDF/A mode OFF on input line 6106.
LaTeX Info: Redefining \ref on input line 6146.
LaTeX Info: Redefining \pageref on input line 6150.

(/Users/natybaleiuda/Library/TinyTeX/texmf-dist/tex/latex/base/atbegshi-ltx.sty
Package: atbegshi-ltx 2021/01/10 v1.0c Emulation of the original atbegshi
package with kernel methods
)
\Hy@abspage=\count273
\c@Item=\count274
\c@Hfootnote=\count275
)
Package hyperref Info: Driver (autodetected): hpdftex.
(/Users/natybaleiuda/Library/TinyTeX/texmf-dist/tex/latex/hyperref/hpdftex.def
File: hpdftex.def 2021-06-07 v7.00m Hyperref driver for pdfTeX

(/Users/natybaleiuda/Library/TinyTeX/texmf-dist/tex/latex/base/atveryend-ltx.st
y
Package: atveryend-ltx 2020/08/19 v1.0a Emulation of the original atvery packag
e
with kernel methods
)
\Fld@listcount=\count276
\c@bookmark@seq@number=\count277

(/Users/natybaleiuda/Library/TinyTeX/texmf-dist/tex/latex/rerunfilecheck/rerunf
ilecheck.sty
Package: rerunfilecheck 2019/12/05 v1.9 Rerun checks for auxiliary files (HO)

(/Users/natybaleiuda/Library/TinyTeX/texmf-dist/tex/generic/uniquecounter/uniqu
ecounter.sty
Package: uniquecounter 2019/12/15 v1.4 Provide unlimited unique counter (HO)
)
Package uniquecounter Info: New unique counter `rerunfilecheck' on input line 2
86.
)
\Hy@SectionHShift=\skip52
)
(/Users/natybaleiuda/Library/TinyTeX/texmf-dist/tex/latex/geometry/geometry.sty
Package: geometry 2020/01/02 v5.9 Page Geometry
(/Users/natybaleiuda/Library/TinyTeX/texmf-dist/tex/generic/iftex/ifvtex.sty
Package: ifvtex 2019/10/25 v1.7 ifvtex legacy package. Use iftex instead.
)
\Gm@cnth=\count278
\Gm@cntv=\count279
\c@Gm@tempcnt=\count280
\Gm@bindingoffset=\dimen152
\Gm@wd@mp=\dimen153
\Gm@odd@mp=\dimen154
\Gm@even@mp=\dimen155
\Gm@layoutwidth=\dimen156
\Gm@layoutheight=\dimen157
\Gm@layouthoffset=\dimen158
\Gm@layoutvoffset=\dimen159
\Gm@dimlist=\toks24
)
(/Users/natybaleiuda/Library/TinyTeX/texmf-dist/tex/latex/fancyvrb/fancyvrb.sty
Package: fancyvrb 2021/01/20 v3.7 verbatim text (tvz,hv)
\FV@CodeLineNo=\count281
\FV@InFile=\read2
\FV@TabBox=\box52
\c@FancyVerbLine=\count282
\FV@StepNumber=\count283
\FV@OutFile=\write3
) (/Users/natybaleiuda/Library/TinyTeX/texmf-dist/tex/latex/framed/framed.sty
Package: framed 2011/10/22 v 0.96: framed or shaded text with page breaks
\OuterFrameSep=\skip53
\fb@frw=\dimen160
\fb@frh=\dimen161
\FrameRule=\dimen162
\FrameSep=\dimen163
) (/Users/natybaleiuda/Library/TinyTeX/texmf-dist/tex/latex/tools/longtable.sty
Package: longtable 2021-05-07 v4.16 Multi-page Table package (DPC)
\LTleft=\skip54
\LTright=\skip55
\LTpre=\skip56
\LTpost=\skip57
\LTchunksize=\count284
\LTcapwidth=\dimen164
\LT@head=\box53
\LT@firsthead=\box54
\LT@foot=\box55
\LT@lastfoot=\box56
\LT@gbox=\box57
\LT@cols=\count285
\LT@rows=\count286
\c@LT@tables=\count287
\c@LT@chunks=\count288
\LT@p@ftn=\toks25
)
(/Users/natybaleiuda/Library/TinyTeX/texmf-dist/tex/latex/booktabs/booktabs.sty
Package: booktabs 2020/01/12 v1.61803398 Publication quality tables
\heavyrulewidth=\dimen165
\lightrulewidth=\dimen166
\cmidrulewidth=\dimen167
\belowrulesep=\dimen168
\belowbottomsep=\dimen169
\aboverulesep=\dimen170
\abovetopsep=\dimen171
\cmidrulesep=\dimen172
\cmidrulekern=\dimen173
\defaultaddspace=\dimen174
\@cmidla=\count289
\@cmidlb=\count290
\@aboverulesep=\dimen175
\@belowrulesep=\dimen176
\@thisruleclass=\count291
\@lastruleclass=\count292
\@thisrulewidth=\dimen177
) (/Users/natybaleiuda/Library/TinyTeX/texmf-dist/tex/latex/tools/array.sty
Package: array 2021/04/20 v2.5e Tabular extension package (FMi)
\col@sep=\dimen178
\ar@mcellbox=\box58
\extrarowheight=\dimen179
\NC@list=\toks26
\extratabsurround=\skip58
\backup@length=\skip59
\ar@cellbox=\box59
) (/Users/natybaleiuda/Library/TinyTeX/texmf-dist/tex/latex/tools/calc.sty
Package: calc 2017/05/25 v4.3 Infix arithmetic (KKT,FJ)
\calc@Acount=\count293
\calc@Bcount=\count294
\calc@Adimen=\dimen180
\calc@Bdimen=\dimen181
\calc@Askip=\skip60
\calc@Bskip=\skip61
LaTeX Info: Redefining \setlength on input line 80.
LaTeX Info: Redefining \addtolength on input line 81.
\calc@Ccount=\count295
\calc@Cskip=\skip62
)
(/Users/natybaleiuda/Library/TinyTeX/texmf-dist/tex/latex/etoolbox/etoolbox.sty
Package: etoolbox 2020/10/05 v2.5k e-TeX tools for LaTeX (JAW)
\etb@tempcnta=\count296
)
(/Users/natybaleiuda/Library/TinyTeX/texmf-dist/tex/latex/mdwtools/footnote.sty
Package: footnote 1997/01/28 1.13 Save footnotes around boxes
\fn@notes=\box60
\fn@width=\dimen182
)
(/Users/natybaleiuda/Library/TinyTeX/texmf-dist/tex/latex/graphics/graphicx.sty
Package: graphicx 2020/12/05 v1.2c Enhanced LaTeX Graphics (DPC,SPQR)

(/Users/natybaleiuda/Library/TinyTeX/texmf-dist/tex/latex/graphics/graphics.sty
Package: graphics 2021/03/04 v1.4d Standard LaTeX Graphics (DPC,SPQR)
(/Users/natybaleiuda/Library/TinyTeX/texmf-dist/tex/latex/graphics/trig.sty
Package: trig 2016/01/03 v1.10 sin cos tan (DPC)
)
(/Users/natybaleiuda/Library/TinyTeX/texmf-dist/tex/latex/graphics-cfg/graphics
.cfg
File: graphics.cfg 2016/06/04 v1.11 sample graphics configuration
)
Package graphics Info: Driver file: pdftex.def on input line 107.
)
\Gin@req@height=\dimen183
\Gin@req@width=\dimen184
)
(/Users/natybaleiuda/Library/TinyTeX/texmf-dist/tex/latex/l3backend/l3backend-p
dftex.def
File: l3backend-pdftex.def 2021-08-04 L3 backend support: PDF output (pdfTeX)
\l__color_backend_stack_int=\count297
\l__pdf_internal_box=\box61
) (./Fake_News_Data_Stats.aux

LaTeX Warning: Label `' multiply defined.


LaTeX Warning: Label `' multiply defined.


LaTeX Warning: Label `' multiply defined.


LaTeX Warning: Label `' multiply defined.

)
\openout1 = `Fake_News_Data_Stats.aux'.

LaTeX Font Info:    Checking defaults for OML/cmm/m/it on input line 120.
LaTeX Font Info:    ... okay on input line 120.
LaTeX Font Info:    Checking defaults for OMS/cmsy/m/n on input line 120.
LaTeX Font Info:    ... okay on input line 120.
LaTeX Font Info:    Checking defaults for OT1/cmr/m/n on input line 120.
LaTeX Font Info:    ... okay on input line 120.
LaTeX Font Info:    Checking defaults for T1/cmr/m/n on input line 120.
LaTeX Font Info:    ... okay on input line 120.
LaTeX Font Info:    Checking defaults for TS1/cmr/m/n on input line 120.
LaTeX Font Info:    ... okay on input line 120.
LaTeX Font Info:    Checking defaults for OMX/cmex/m/n on input line 120.
LaTeX Font Info:    ... okay on input line 120.
LaTeX Font Info:    Checking defaults for U/cmr/m/n on input line 120.
LaTeX Font Info:    ... okay on input line 120.
LaTeX Font Info:    Checking defaults for PD1/pdf/m/n on input line 120.
LaTeX Font Info:    ... okay on input line 120.
LaTeX Font Info:    Checking defaults for PU/pdf/m/n on input line 120.
LaTeX Font Info:    ... okay on input line 120.

(/Users/natybaleiuda/Library/TinyTeX/texmf-dist/tex/latex/epstopdf-pkg/epstopdf
-base.sty
Package: epstopdf-base 2020-01-24 v2.11 Base part for package epstopdf
Package epstopdf-base Info: Redefining graphics rule for `.eps' on input line 4
85.

(/Users/natybaleiuda/Library/TinyTeX/texmf-dist/tex/latex/latexconfig/epstopdf-
sys.cfg
File: epstopdf-sys.cfg 2010/07/13 v1.3 Configuration of (r)epstopdf for TeX Liv
e
))
Package hyperref Info: Link coloring OFF on input line 120.
(/Users/natybaleiuda/Library/TinyTeX/texmf-dist/tex/latex/hyperref/nameref.sty
Package: nameref 2021-04-02 v2.47 Cross-referencing by name of section

(/Users/natybaleiuda/Library/TinyTeX/texmf-dist/tex/latex/refcount/refcount.sty
Package: refcount 2019/12/15 v3.6 Data extraction from label references (HO)
)
(/Users/natybaleiuda/Library/TinyTeX/texmf-dist/tex/generic/gettitlestring/gett
itlestring.sty
Package: gettitlestring 2019/12/15 v1.6 Cleanup title references (HO)
)
\c@section@level=\count298
)
LaTeX Info: Redefining \ref on input line 120.
LaTeX Info: Redefining \pageref on input line 120.
LaTeX Info: Redefining \nameref on input line 120.
(./Fake_News_Data_Stats.out) (./Fake_News_Data_Stats.out)
\@outlinefile=\write4
\openout4 = `Fake_News_Data_Stats.out'.

*geometry* driver: auto-detecting
*geometry* detected driver: pdftex
*geometry* verbose mode - [ preamble ] result:
* driver: pdftex
* paper: <default>
* layout: <same size as paper>
* layoutoffset:(h,v)=(0.0pt,0.0pt)
* modes: 
* h-part:(L,W,R)=(72.26999pt, 469.75502pt, 72.26999pt)
* v-part:(T,H,B)=(72.26999pt, 650.43001pt, 72.26999pt)
* \paperwidth=614.295pt
* \paperheight=794.96999pt
* \textwidth=469.75502pt
* \textheight=650.43001pt
* \oddsidemargin=0.0pt
* \evensidemargin=0.0pt
* \topmargin=-37.0pt
* \headheight=12.0pt
* \headsep=25.0pt
* \topskip=10.0pt
* \footskip=30.0pt
* \marginparwidth=65.0pt
* \marginparsep=11.0pt
* \columnsep=10.0pt
* \skip\footins=9.0pt plus 4.0pt minus 2.0pt
* \hoffset=0.0pt
* \voffset=0.0pt
* \mag=1000
* \@twocolumnfalse
* \@twosidefalse
* \@mparswitchfalse
* \@reversemarginfalse
* (1in=72.27pt=25.4mm, 1cm=28.453pt)

LaTeX Font Info:    Trying to load font information for OT1+lmr on input line 1
22.
(/Users/natybaleiuda/Library/TinyTeX/texmf-dist/tex/latex/lm/ot1lmr.fd
File: ot1lmr.fd 2015/05/01 v1.6.1 Font defs for Latin Modern
)
LaTeX Font Info:    Trying to load font information for OML+lmm on input line 1
22.
(/Users/natybaleiuda/Library/TinyTeX/texmf-dist/tex/latex/lm/omllmm.fd
File: omllmm.fd 2015/05/01 v1.6.1 Font defs for Latin Modern
)
LaTeX Font Info:    Trying to load font information for OMS+lmsy on input line 
122.
(/Users/natybaleiuda/Library/TinyTeX/texmf-dist/tex/latex/lm/omslmsy.fd
File: omslmsy.fd 2015/05/01 v1.6.1 Font defs for Latin Modern
)
LaTeX Font Info:    Trying to load font information for OMX+lmex on input line 
122.
(/Users/natybaleiuda/Library/TinyTeX/texmf-dist/tex/latex/lm/omxlmex.fd
File: omxlmex.fd 2015/05/01 v1.6.1 Font defs for Latin Modern
)
LaTeX Font Info:    External font `lmex10' loaded for size
(Font)              <12> on input line 122.
LaTeX Font Info:    External font `lmex10' loaded for size
(Font)              <8> on input line 122.
LaTeX Font Info:    External font `lmex10' loaded for size
(Font)              <6> on input line 122.
LaTeX Font Info:    Trying to load font information for U+msa on input line 122
.
(/Users/natybaleiuda/Library/TinyTeX/texmf-dist/tex/latex/amsfonts/umsa.fd
File: umsa.fd 2013/01/14 v3.01 AMS symbols A
)
LaTeX Font Info:    Trying to load font information for U+msb on input line 122
.
(/Users/natybaleiuda/Library/TinyTeX/texmf-dist/tex/latex/amsfonts/umsb.fd
File: umsb.fd 2013/01/14 v3.01 AMS symbols B
)
LaTeX Font Info:    Trying to load font information for T1+lmtt on input line 1
26.
(/Users/natybaleiuda/Library/TinyTeX/texmf-dist/tex/latex/lm/t1lmtt.fd
File: t1lmtt.fd 2015/05/01 v1.6.1 Font defs for Latin Modern
)
LaTeX Font Info:    Font shape `T1/lmtt/bx/n' in size <10> not available
(Font)              Font shape `T1/lmtt/b/n' tried instead on input line 139.
[1

{/Users/natybaleiuda/Library/TinyTeX/texmf-var/fonts/map/pdftex/updmap/pdftex.m
ap}]
Overfull \hbox (10.4635pt too wide) in paragraph at lines 199--199
 []|\T1/lmr/m/n/10 Correlation| 
 []


Overfull \hbox (14.63321pt too wide) in paragraph at lines 199--199
 []|\T1/lmr/m/n/10 mean_diff| 
 []


Overfull \hbox (8.19827pt too wide) in paragraph at lines 199--200
 []|\T1/lmr/m/n/10 stat_05| 
 []


Overfull \hbox (10.4635pt too wide) in paragraph at lines 203--203
 []|\T1/lmr/m/n/10 Correlation| 
 []


Overfull \hbox (14.63321pt too wide) in paragraph at lines 203--203
 []|\T1/lmr/m/n/10 mean_diff| 
 []


Overfull \hbox (8.19827pt too wide) in paragraph at lines 203--204
 []|\T1/lmr/m/n/10 stat_05| 
 []


Overfull \hbox (2.41173pt too wide) in paragraph at lines 284--284
 []|\T1/lmr/m/n/10 176.266| 
 []

[2] [3] [4] [5]
<Fake_News_Data_Stats_files/figure-latex/unnamed-chunk-5-1.pdf, id=56, 578.16pt
 x 289.08pt>
File: Fake_News_Data_Stats_files/figure-latex/unnamed-chunk-5-1.pdf Graphic fil
e (type pdf)
<use Fake_News_Data_Stats_files/figure-latex/unnamed-chunk-5-1.pdf>
Package pdftex.def Info: Fake_News_Data_Stats_files/figure-latex/unnamed-chunk-
5-1.pdf  used on input line 453.
(pdftex.def)             Requested size: 469.75385pt x 234.8769pt.
[6 <./Fake_News_Data_Stats_files/figure-latex/unnamed-chunk-5-1.pdf>]
LaTeX Font Info:    Trying to load font information for TS1+lmtt on input line 
473.
(/Users/natybaleiuda/Library/TinyTeX/texmf-dist/tex/latex/lm/ts1lmtt.fd
File: ts1lmtt.fd 2015/05/01 v1.6.1 Font defs for Latin Modern
) [7] [8]
LaTeX Font Info:    External font `lmex10' loaded for size
(Font)              <5> on input line 659.
[9] [10] [11] [12] [13] [14]
Overfull \hbox (5.25195pt too wide) in paragraph at lines 1108--1108
 []|\T1/lmr/m/n/10 model_1| 
 []


Overfull \hbox (5.25195pt too wide) in paragraph at lines 1108--1108
 []|\T1/lmr/m/n/10 model_2| 
 []


Overfull \hbox (5.25195pt too wide) in paragraph at lines 1108--1108
 []|\T1/lmr/m/n/10 model_3| 
 []


Overfull \hbox (5.25195pt too wide) in paragraph at lines 1108--1108
 []|\T1/lmr/m/n/10 model_4| 
 []


Overfull \hbox (5.25195pt too wide) in paragraph at lines 1108--1108
 []|\T1/lmr/m/n/10 model_5| 
 []


Overfull \hbox (5.25195pt too wide) in paragraph at lines 1109--1109
 []|\T1/lmr/m/n/10 model_6| 
 []


Overfull \hbox (5.25195pt too wide) in paragraph at lines 1109--1109
 []|\T1/lmr/m/n/10 model_7| 
 []


Overfull \hbox (5.25195pt too wide) in paragraph at lines 1109--1110
 []|\T1/lmr/m/n/10 model_8| 
 []


Overfull \hbox (7.46527pt too wide) in alignment at lines 1104--1111
 [] [] [] [] [] [] [] [] [] 
 []


Overfull \hbox (5.25195pt too wide) in paragraph at lines 1113--1113
 []|\T1/lmr/m/n/10 model_1| 
 []


Overfull \hbox (5.25195pt too wide) in paragraph at lines 1113--1113
 []|\T1/lmr/m/n/10 model_2| 
 []


Overfull \hbox (5.25195pt too wide) in paragraph at lines 1113--1113
 []|\T1/lmr/m/n/10 model_3| 
 []


Overfull \hbox (5.25195pt too wide) in paragraph at lines 1113--1113
 []|\T1/lmr/m/n/10 model_4| 
 []


Overfull \hbox (5.25195pt too wide) in paragraph at lines 1113--1113
 []|\T1/lmr/m/n/10 model_5| 
 []


Overfull \hbox (5.25195pt too wide) in paragraph at lines 1114--1114
 []|\T1/lmr/m/n/10 model_6| 
 []


Overfull \hbox (5.25195pt too wide) in paragraph at lines 1114--1114
 []|\T1/lmr/m/n/10 model_7| 
 []


Overfull \hbox (5.25195pt too wide) in paragraph at lines 1114--1115
 []|\T1/lmr/m/n/10 model_8| 
 []


Overfull \hbox (7.46527pt too wide) in alignment at lines 1111--1116
 [] [] [] [] [] [] [] [] [] 
 []


Overfull \hbox (4.14117pt too wide) in paragraph at lines 1117--1117
 []|\T1/lmr/m/n/10 1.005601| 
 []


Overfull \hbox (4.14117pt too wide) in paragraph at lines 1117--1117
 []|\T1/lmr/m/n/10 1.005442| 
 []


Overfull \hbox (4.14117pt too wide) in paragraph at lines 1117--1117
 []|\T1/lmr/m/n/10 1.073209| 
 []


Overfull \hbox (4.14117pt too wide) in paragraph at lines 1117--1117
 []|\T1/lmr/m/n/10 1.076539| 
 []


Overfull \hbox (4.14117pt too wide) in paragraph at lines 1117--1117
 []|\T1/lmr/m/n/10 1.087877| 
 []


Overfull \hbox (4.14117pt too wide) in paragraph at lines 1118--1118
 []|\T1/lmr/m/n/10 1.084926| 
 []


Overfull \hbox (4.14117pt too wide) in paragraph at lines 1118--1118
 []|\T1/lmr/m/n/10 1.078126| 
 []


Overfull \hbox (4.14117pt too wide) in paragraph at lines 1118--1119
 []|\T1/lmr/m/n/10 1.100026| 
 []


Overfull \hbox (4.14117pt too wide) in paragraph at lines 1119--1119
 []|\T1/lmr/m/n/10 1.049109| 
 []


Overfull \hbox (4.14117pt too wide) in paragraph at lines 1119--1119
 []|\T1/lmr/m/n/10 1.059252| 
 []


Overfull \hbox (4.14117pt too wide) in paragraph at lines 1119--1119
 []|\T1/lmr/m/n/10 1.084012| 
 []


Overfull \hbox (4.14117pt too wide) in paragraph at lines 1119--1119
 []|\T1/lmr/m/n/10 1.092359| 
 []


Overfull \hbox (4.14117pt too wide) in paragraph at lines 1119--1119
 []|\T1/lmr/m/n/10 1.100624| 
 []


Overfull \hbox (4.14117pt too wide) in paragraph at lines 1120--1120
 []|\T1/lmr/m/n/10 1.097410| 
 []


Overfull \hbox (4.14117pt too wide) in paragraph at lines 1120--1120
 []|\T1/lmr/m/n/10 1.098142| 
 []


Overfull \hbox (4.14117pt too wide) in paragraph at lines 1120--1121
 []|\T1/lmr/m/n/10 1.109853| 
 []


Overfull \hbox (4.14117pt too wide) in paragraph at lines 1121--1121
 []|\T1/lmr/m/n/10 1.048540| 
 []


Overfull \hbox (4.14117pt too wide) in paragraph at lines 1121--1121
 []|\T1/lmr/m/n/10 1.048826| 
 []


Overfull \hbox (4.14117pt too wide) in paragraph at lines 1121--1121
 []|\T1/lmr/m/n/10 1.053209| 
 []


Overfull \hbox (4.14117pt too wide) in paragraph at lines 1121--1121
 []|\T1/lmr/m/n/10 1.053783| 
 []


Overfull \hbox (4.14117pt too wide) in paragraph at lines 1121--1121
 []|\T1/lmr/m/n/10 1.056926| 
 []


Overfull \hbox (4.14117pt too wide) in paragraph at lines 1122--1122
 []|\T1/lmr/m/n/10 1.061997| 
 []


Overfull \hbox (4.14117pt too wide) in paragraph at lines 1122--1122
 []|\T1/lmr/m/n/10 1.065977| 
 []


Overfull \hbox (4.14117pt too wide) in paragraph at lines 1122--1123
 []|\T1/lmr/m/n/10 1.082605| 
 []


Overfull \hbox (4.14117pt too wide) in paragraph at lines 1123--1123
 []|\T1/lmr/m/n/10 1.082224| 
 []


Overfull \hbox (4.14117pt too wide) in paragraph at lines 1123--1123
 []|\T1/lmr/m/n/10 1.082637| 
 []


Overfull \hbox (4.14117pt too wide) in paragraph at lines 1123--1123
 []|\T1/lmr/m/n/10 1.086458| 
 []


Overfull \hbox (4.14117pt too wide) in paragraph at lines 1123--1123
 []|\T1/lmr/m/n/10 1.086625| 
 []


Overfull \hbox (4.14117pt too wide) in paragraph at lines 1123--1123
 []|\T1/lmr/m/n/10 1.091086| 
 []


Overfull \hbox (4.14117pt too wide) in paragraph at lines 1124--1124
 []|\T1/lmr/m/n/10 1.090382| 
 []


Overfull \hbox (4.14117pt too wide) in paragraph at lines 1124--1124
 []|\T1/lmr/m/n/10 1.095896| 
 []


Overfull \hbox (4.14117pt too wide) in paragraph at lines 1124--1125
 []|\T1/lmr/m/n/10 1.100509| 
 []


Overfull \hbox (4.14117pt too wide) in paragraph at lines 1125--1125
 []|\T1/lmr/m/n/10 1.009036| 
 []


Overfull \hbox (4.14117pt too wide) in paragraph at lines 1125--1125
 []|\T1/lmr/m/n/10 1.010728| 
 []


Overfull \hbox (4.14117pt too wide) in paragraph at lines 1125--1125
 []|\T1/lmr/m/n/10 1.014772| 
 []


Overfull \hbox (4.14117pt too wide) in paragraph at lines 1125--1125
 []|\T1/lmr/m/n/10 1.015004| 
 []


Overfull \hbox (4.14117pt too wide) in paragraph at lines 1125--1125
 []|\T1/lmr/m/n/10 1.023834| 
 []


Overfull \hbox (4.14117pt too wide) in paragraph at lines 1126--1126
 []|\T1/lmr/m/n/10 1.021025| 
 []


Overfull \hbox (4.14117pt too wide) in paragraph at lines 1126--1126
 []|\T1/lmr/m/n/10 1.033844| 
 []


Overfull \hbox (4.14117pt too wide) in paragraph at lines 1126--1127
 []|\T1/lmr/m/n/10 1.049826| 
 []


Overfull \hbox (4.14117pt too wide) in paragraph at lines 1127--1127
 []|\T1/lmr/m/n/10 2.629787| 
 []


Overfull \hbox (4.14117pt too wide) in paragraph at lines 1127--1127
 []|\T1/lmr/m/n/10 2.632408| 
 []


Overfull \hbox (4.14117pt too wide) in paragraph at lines 1127--1127
 []|\T1/lmr/m/n/10 2.646674| 
 []


Overfull \hbox (4.14117pt too wide) in paragraph at lines 1127--1127
 []|\T1/lmr/m/n/10 2.647302| 
 []


Overfull \hbox (4.14117pt too wide) in paragraph at lines 1128--1128
 []|\T1/lmr/m/n/10 2.666808| 
 []


Overfull \hbox (4.14117pt too wide) in paragraph at lines 1128--1128
 []|\T1/lmr/m/n/10 2.668390| 
 []


Overfull \hbox (4.14117pt too wide) in paragraph at lines 1128--1128
 []|\T1/lmr/m/n/10 2.666080| 
 []


Overfull \hbox (4.14117pt too wide) in paragraph at lines 1128--1129
 []|\T1/lmr/m/n/10 2.694343| 
 []


Overfull \hbox (4.14117pt too wide) in paragraph at lines 1129--1129
 []|\T1/lmr/m/n/10 2.543874| 
 []


Overfull \hbox (4.14117pt too wide) in paragraph at lines 1129--1129
 []|\T1/lmr/m/n/10 2.544995| 
 []


Overfull \hbox (4.14117pt too wide) in paragraph at lines 1129--1129
 []|\T1/lmr/m/n/10 2.569316| 
 []


Overfull \hbox (4.14117pt too wide) in paragraph at lines 1129--1129
 []|\T1/lmr/m/n/10 2.572094| 
 []


Overfull \hbox (4.14117pt too wide) in paragraph at lines 1130--1130
 []|\T1/lmr/m/n/10 2.624769| 
 []


Overfull \hbox (4.14117pt too wide) in paragraph at lines 1130--1130
 []|\T1/lmr/m/n/10 2.590364| 
 []


Overfull \hbox (4.14117pt too wide) in paragraph at lines 1130--1130
 []|\T1/lmr/m/n/10 2.603874| 
 []


Overfull \hbox (4.14117pt too wide) in paragraph at lines 1130--1131
 []|\T1/lmr/m/n/10 2.656964| 
 []


Overfull \hbox (4.14117pt too wide) in paragraph at lines 1131--1131
 []|\T1/lmr/m/n/10 1.550903| 
 []


Overfull \hbox (4.14117pt too wide) in paragraph at lines 1131--1131
 []|\T1/lmr/m/n/10 1.552623| 
 []


Overfull \hbox (4.14117pt too wide) in paragraph at lines 1131--1131
 []|\T1/lmr/m/n/10 1.552287| 
 []


Overfull \hbox (4.14117pt too wide) in paragraph at lines 1132--1132
 []|\T1/lmr/m/n/10 1.552269| 
 []


Overfull \hbox (4.14117pt too wide) in paragraph at lines 1132--1132
 []|\T1/lmr/m/n/10 1.558790| 
 []


Overfull \hbox (4.14117pt too wide) in paragraph at lines 1132--1132
 []|\T1/lmr/m/n/10 1.562854| 
 []


Overfull \hbox (4.14117pt too wide) in paragraph at lines 1132--1132
 []|\T1/lmr/m/n/10 1.562390| 
 []


Overfull \hbox (4.14117pt too wide) in paragraph at lines 1132--1133
 []|\T1/lmr/m/n/10 1.576242| 
 []


Overfull \hbox (4.14117pt too wide) in paragraph at lines 1133--1133
 []|\T1/lmr/m/n/10 1.972745| 
 []


Overfull \hbox (4.14117pt too wide) in paragraph at lines 1133--1133
 []|\T1/lmr/m/n/10 1.974352| 
 []


Overfull \hbox (4.14117pt too wide) in paragraph at lines 1133--1133
 []|\T1/lmr/m/n/10 1.977012| 
 []


Overfull \hbox (4.14117pt too wide) in paragraph at lines 1133--1133
 []|\T1/lmr/m/n/10 2.016105| 
 []


Overfull \hbox (4.14117pt too wide) in paragraph at lines 1134--1134
 []|\T1/lmr/m/n/10 1.993971| 
 []


Overfull \hbox (4.14117pt too wide) in paragraph at lines 1134--1134
 []|\T1/lmr/m/n/10 1.969463| 
 []


Overfull \hbox (4.14117pt too wide) in paragraph at lines 1134--1135
 []|\T1/lmr/m/n/10 2.023383| 
 []


Overfull \hbox (4.14117pt too wide) in paragraph at lines 1135--1135
 []|\T1/lmr/m/n/10 3.419981| 
 []


Overfull \hbox (4.14117pt too wide) in paragraph at lines 1135--1135
 []|\T1/lmr/m/n/10 3.452303| 
 []


Overfull \hbox (4.14117pt too wide) in paragraph at lines 1135--1135
 []|\T1/lmr/m/n/10 3.462966| 
 []


Overfull \hbox (4.14117pt too wide) in paragraph at lines 1135--1135
 []|\T1/lmr/m/n/10 3.513901| 
 []


Overfull \hbox (4.14117pt too wide) in paragraph at lines 1136--1136
 []|\T1/lmr/m/n/10 3.504976| 
 []


Overfull \hbox (4.14117pt too wide) in paragraph at lines 1136--1136
 []|\T1/lmr/m/n/10 3.462933| 
 []


Overfull \hbox (4.14117pt too wide) in paragraph at lines 1136--1137
 []|\T1/lmr/m/n/10 3.539985| 
 []


Overfull \hbox (4.14117pt too wide) in paragraph at lines 1137--1137
 []|\T1/lmr/m/n/10 4.052706| 
 []


Overfull \hbox (4.14117pt too wide) in paragraph at lines 1137--1137
 []|\T1/lmr/m/n/10 4.127653| 
 []


Overfull \hbox (4.14117pt too wide) in paragraph at lines 1137--1137
 []|\T1/lmr/m/n/10 4.133533| 
 []


Overfull \hbox (4.14117pt too wide) in paragraph at lines 1137--1137
 []|\T1/lmr/m/n/10 4.209808| 
 []


Overfull \hbox (4.14117pt too wide) in paragraph at lines 1138--1138
 []|\T1/lmr/m/n/10 4.187168| 
 []


Overfull \hbox (4.14117pt too wide) in paragraph at lines 1138--1138
 []|\T1/lmr/m/n/10 4.133250| 
 []


Overfull \hbox (4.14117pt too wide) in paragraph at lines 1138--1139
 []|\T1/lmr/m/n/10 4.228639| 
 []


Overfull \hbox (4.14117pt too wide) in paragraph at lines 1139--1139
 []|\T1/lmr/m/n/10 2.532555| 
 []


Overfull \hbox (4.14117pt too wide) in paragraph at lines 1139--1139
 []|\T1/lmr/m/n/10 2.550508| 
 []


Overfull \hbox (4.14117pt too wide) in paragraph at lines 1139--1139
 []|\T1/lmr/m/n/10 2.550676| 
 []


Overfull \hbox (4.14117pt too wide) in paragraph at lines 1139--1139
 []|\T1/lmr/m/n/10 2.602212| 
 []


Overfull \hbox (4.14117pt too wide) in paragraph at lines 1140--1140
 []|\T1/lmr/m/n/10 2.574478| 
 []


Overfull \hbox (4.14117pt too wide) in paragraph at lines 1140--1140
 []|\T1/lmr/m/n/10 2.545976| 
 []


Overfull \hbox (4.14117pt too wide) in paragraph at lines 1140--1141
 []|\T1/lmr/m/n/10 2.611900| 
 []


Overfull \hbox (4.14117pt too wide) in paragraph at lines 1141--1141
 []|\T1/lmr/m/n/10 1.026670| 
 []


Overfull \hbox (4.14117pt too wide) in paragraph at lines 1141--1141
 []|\T1/lmr/m/n/10 1.027422| 
 []


Overfull \hbox (4.14117pt too wide) in paragraph at lines 1141--1141
 []|\T1/lmr/m/n/10 1.027760| 
 []


Overfull \hbox (4.14117pt too wide) in paragraph at lines 1141--1141
 []|\T1/lmr/m/n/10 1.033059| 
 []


Overfull \hbox (4.14117pt too wide) in paragraph at lines 1142--1142
 []|\T1/lmr/m/n/10 1.032895| 
 []


Overfull \hbox (4.14117pt too wide) in paragraph at lines 1142--1142
 []|\T1/lmr/m/n/10 1.029733| 
 []


Overfull \hbox (4.14117pt too wide) in paragraph at lines 1142--1143
 []|\T1/lmr/m/n/10 1.040895| 
 []


Overfull \hbox (4.14117pt too wide) in paragraph at lines 1143--1143
 []|\T1/lmr/m/n/10 1.328040| 
 []


Overfull \hbox (4.14117pt too wide) in paragraph at lines 1143--1143
 []|\T1/lmr/m/n/10 1.738841| 
 []


Overfull \hbox (4.14117pt too wide) in paragraph at lines 1143--1143
 []|\T1/lmr/m/n/10 1.748848| 
 []


Overfull \hbox (4.14117pt too wide) in paragraph at lines 1144--1144
 []|\T1/lmr/m/n/10 1.747760| 
 []


Overfull \hbox (4.14117pt too wide) in paragraph at lines 1144--1144
 []|\T1/lmr/m/n/10 1.741737| 
 []


Overfull \hbox (4.14117pt too wide) in paragraph at lines 1144--1145
 []|\T1/lmr/m/n/10 1.770996| 
 []


Overfull \hbox (4.14117pt too wide) in paragraph at lines 1145--1145
 []|\T1/lmr/m/n/10 1.205453| 
 []


Overfull \hbox (4.14117pt too wide) in paragraph at lines 1145--1145
 []|\T1/lmr/m/n/10 1.207337| 
 []


Overfull \hbox (4.14117pt too wide) in paragraph at lines 1145--1145
 []|\T1/lmr/m/n/10 1.214039| 
 []


Overfull \hbox (4.14117pt too wide) in paragraph at lines 1146--1146
 []|\T1/lmr/m/n/10 1.211111| 
 []


Overfull \hbox (4.14117pt too wide) in paragraph at lines 1146--1146
 []|\T1/lmr/m/n/10 1.214761| 
 []


Overfull \hbox (4.14117pt too wide) in paragraph at lines 1146--1147
 []|\T1/lmr/m/n/10 1.227278| 
 []


Overfull \hbox (4.14117pt too wide) in paragraph at lines 1147--1147
 []|\T1/lmr/m/n/10 1.286722| 
 []


Overfull \hbox (4.14117pt too wide) in paragraph at lines 1147--1147
 []|\T1/lmr/m/n/10 1.345516| 
 []


Overfull \hbox (4.14117pt too wide) in paragraph at lines 1147--1147
 []|\T1/lmr/m/n/10 1.350774| 
 []


Overfull \hbox (4.14117pt too wide) in paragraph at lines 1148--1148
 []|\T1/lmr/m/n/10 1.348256| 
 []


Overfull \hbox (4.14117pt too wide) in paragraph at lines 1148--1148
 []|\T1/lmr/m/n/10 1.364506| 
 []


Overfull \hbox (4.14117pt too wide) in paragraph at lines 1148--1149
 []|\T1/lmr/m/n/10 1.374741| 
 []


Overfull \hbox (4.14117pt too wide) in paragraph at lines 1149--1149
 []|\T1/lmr/m/n/10 1.661748| 
 []


Overfull \hbox (4.14117pt too wide) in paragraph at lines 1149--1149
 []|\T1/lmr/m/n/10 1.664987| 
 []


Overfull \hbox (4.14117pt too wide) in paragraph at lines 1149--1149
 []|\T1/lmr/m/n/10 1.694070| 
 []


Overfull \hbox (4.14117pt too wide) in paragraph at lines 1149--1150
 []|\T1/lmr/m/n/10 1.679553| 
 []


Overfull \hbox (4.14117pt too wide) in paragraph at lines 1150--1151
 []|\T1/lmr/m/n/10 1.719145| 
 []


Overfull \hbox (4.14117pt too wide) in paragraph at lines 1151--1151
 []|\T1/lmr/m/n/10 1.033864| 
 []


Overfull \hbox (4.14117pt too wide) in paragraph at lines 1152--1153
 []|\T1/lmr/m/n/10 1.124048| 
 []


Overfull \hbox (4.14117pt too wide) in paragraph at lines 1153--1153
 []|\T1/lmr/m/n/10 1.835220| 
 []


Overfull \hbox (4.14117pt too wide) in paragraph at lines 1153--1154
 []|\T1/lmr/m/n/10 1.854664| 
 []


Overfull \hbox (4.14117pt too wide) in paragraph at lines 1154--1154
 []|\T1/lmr/m/n/10 2.817503| 
 []


Overfull \hbox (4.14117pt too wide) in paragraph at lines 1154--1155
 []|\T1/lmr/m/n/10 2.743358| 
 []


Overfull \hbox (4.14117pt too wide) in paragraph at lines 1155--1155
 []|\T1/lmr/m/n/10 3.113068| 
 []


Overfull \hbox (4.14117pt too wide) in paragraph at lines 1155--1156
 []|\T1/lmr/m/n/10 3.086259| 
 []


Overfull \hbox (4.14117pt too wide) in paragraph at lines 1156--1156
 []|\T1/lmr/m/n/10 1.953839| 
 []


Overfull \hbox (4.14117pt too wide) in paragraph at lines 1156--1157
 []|\T1/lmr/m/n/10 1.986448| 
 []


Overfull \hbox (4.14117pt too wide) in paragraph at lines 1157--1157
 []|\T1/lmr/m/n/10 1.880273| 
 []


Overfull \hbox (4.14117pt too wide) in paragraph at lines 1158--1159
 []|\T1/lmr/m/n/10 1.899285| 
 []


Overfull \hbox (4.14117pt too wide) in paragraph at lines 1159--1159
 []|\T1/lmr/m/n/10 1.095550| 
 []


Overfull \hbox (4.14117pt too wide) in paragraph at lines 1160--1161
 []|\T1/lmr/m/n/10 1.120502| 
 []


Overfull \hbox (4.14117pt too wide) in paragraph at lines 1161--1161
 []|\T1/lmr/m/n/10 1.065796| 
 []


Overfull \hbox (4.14117pt too wide) in paragraph at lines 1161--1162
 []|\T1/lmr/m/n/10 1.089311| 
 []


Overfull \hbox (33.2607pt too wide) in paragraph at lines 1162--1162
 []|\T1/lmr/m/n/10 pand2_worse_perception_media| 
 []


Overfull \hbox (4.14117pt too wide) in paragraph at lines 1162--1162
 []|\T1/lmr/m/n/10 1.071425| 
 []


Overfull \hbox (4.14117pt too wide) in paragraph at lines 1163--1164
 []|\T1/lmr/m/n/10 1.198452| 
 []


Overfull \hbox (4.14117pt too wide) in paragraph at lines 1164--1164
 []|\T1/lmr/m/n/10 1.166340| 
 []


Overfull \hbox (4.14117pt too wide) in paragraph at lines 1165--1166
 []|\T1/lmr/m/n/10 1.219258| 
 []


Overfull \hbox (4.14117pt too wide) in paragraph at lines 1166--1166
 []|\T1/lmr/m/n/10 1.095995| 
 []


Overfull \hbox (4.14117pt too wide) in paragraph at lines 1167--1168
 []|\T1/lmr/m/n/10 1.156880| 
 []


Overfull \hbox (4.14117pt too wide) in paragraph at lines 1168--1168
 []|\T1/lmr/m/n/10 1.242596| 
 []


Overfull \hbox (4.14117pt too wide) in paragraph at lines 1169--1170
 []|\T1/lmr/m/n/10 1.352594| 
 []


Overfull \hbox (4.14117pt too wide) in paragraph at lines 1170--1170
 []|\T1/lmr/m/n/10 1.143777| 
 []


Overfull \hbox (4.14117pt too wide) in paragraph at lines 1170--1171
 []|\T1/lmr/m/n/10 1.184575| 
 []


Overfull \hbox (39.76167pt too wide) in paragraph at lines 1171--1171
 []|\T1/lmr/m/n/10 pand5_increased_interest_science| 
 []


Overfull \hbox (4.14117pt too wide) in paragraph at lines 1171--1172
 []|\T1/lmr/m/n/10 1.067018| 
 []


Overfull \hbox (4.14117pt too wide) in paragraph at lines 1172--1173
 []|\T1/lmr/m/n/10 1.190010| 
 []


Overfull \hbox (4.14117pt too wide) in paragraph at lines 1173--1173
 []|\T1/lmr/m/n/10 1.940743| 
 []


Overfull \hbox (4.14117pt too wide) in paragraph at lines 1174--1175
 []|\T1/lmr/m/n/10 2.023551| 
 []


Overfull \hbox (16.8453pt too wide) in paragraph at lines 1175--1175
 []|\T1/lmr/m/n/10 vote2_eletronic_best_option| 
 []


Overfull \hbox (4.14117pt too wide) in paragraph at lines 1175--1176
 []|\T1/lmr/m/n/10 1.878442| 
 []


Overfull \hbox (4.14117pt too wide) in paragraph at lines 1176--1177
 []|\T1/lmr/m/n/10 2.092151| 
 []


Overfull \hbox (4.14117pt too wide) in paragraph at lines 1177--1177
 []|\T1/lmr/m/n/10 2.636860| 
 []


Overfull \hbox (4.14117pt too wide) in paragraph at lines 1178--1179
 []|\T1/lmr/m/n/10 2.747899| 
 []


Overfull \hbox (4.14117pt too wide) in paragraph at lines 1179--1179
 []|\T1/lmr/m/n/10 3.820341| 
 []


Overfull \hbox (4.14117pt too wide) in paragraph at lines 1180--1181
 []|\T1/lmr/m/n/10 3.953982| 
 []


Overfull \hbox (15.2617pt too wide) in paragraph at lines 1181--1181
 []|\T1/lmr/m/n/10 vote3_worried_transparency| 
 []


Overfull \hbox (4.14117pt too wide) in paragraph at lines 1181--1181
 []|\T1/lmr/m/n/10 3.392155| 
 []


Overfull \hbox (4.14117pt too wide) in paragraph at lines 1182--1183
 []|\T1/lmr/m/n/10 3.327742| 
 []


Overfull \hbox (4.14117pt too wide) in paragraph at lines 1183--1183
 []|\T1/lmr/m/n/10 2.307548| 
 []


Overfull \hbox (4.14117pt too wide) in paragraph at lines 1184--1185
 []|\T1/lmr/m/n/10 2.205706| 
 []


Overfull \hbox (4.14117pt too wide) in paragraph at lines 1185--1185
 []|\T1/lmr/m/n/10 2.115571| 
 []


Overfull \hbox (4.14117pt too wide) in paragraph at lines 1186--1187
 []|\T1/lmr/m/n/10 2.084879| 
 []


Overfull \hbox (7.46527pt too wide) in alignment at lines 1116--1188
 [] [] [] [] [] [] [] [] [] 
 []

[15] [16] (./Fake_News_Data_Stats.aux)

LaTeX Warning: There were multiply-defined labels.

Package rerunfilecheck Info: File `Fake_News_Data_Stats.out' has not changed.
(rerunfilecheck)             Checksum: 4096E79583B3DC3BBD9C712965B12027;934.
 ) 
Here is how much of TeX's memory you used:
 11247 strings out of 480502
 164922 string characters out of 5898333
 558066 words of memory out of 5000000
 28691 multiletter control sequences out of 15000+600000
 457714 words of font info for 63 fonts, out of 8000000 for 9000
 14 hyphenation exceptions out of 8191
 60i,10n,66p,348b,441s stack positions out of 5000i,500n,10000p,200000b,80000s
{/Users/natybaleiuda/Library/TinyTeX/texmf-dist/fonts/enc/dvips/lm/lm-mathit.
enc}{/Users/natybaleiuda/Library/TinyTeX/texmf-dist/fonts/enc/dvips/lm/lm-maths
y.enc}{/Users/natybaleiuda/Library/TinyTeX/texmf-dist/fonts/enc/dvips/lm/lm-ec.
enc}{/Users/natybaleiuda/Library/TinyTeX/texmf-dist/fonts/enc/dvips/lm/lm-ts1.e
nc}</Users/natybaleiuda/Library/TinyTeX/texmf-dist/fonts/type1/public/lm/lmbx10
.pfb></Users/natybaleiuda/Library/TinyTeX/texmf-dist/fonts/type1/public/lm/lmbx
12.pfb></Users/natybaleiuda/Library/TinyTeX/texmf-dist/fonts/type1/public/lm/lm
mi5.pfb></Users/natybaleiuda/Library/TinyTeX/texmf-dist/fonts/type1/public/lm/l
mmi8.pfb></Users/natybaleiuda/Library/TinyTeX/texmf-dist/fonts/type1/public/lm/
lmr10.pfb></Users/natybaleiuda/Library/TinyTeX/texmf-dist/fonts/type1/public/lm
/lmr12.pfb></Users/natybaleiuda/Library/TinyTeX/texmf-dist/fonts/type1/public/l
m/lmr17.pfb></Users/natybaleiuda/Library/TinyTeX/texmf-dist/fonts/type1/public/
lm/lmr5.pfb></Users/natybaleiuda/Library/TinyTeX/texmf-dist/fonts/type1/public/
lm/lmr8.pfb></Users/natybaleiuda/Library/TinyTeX/texmf-dist/fonts/type1/public/
lm/lmri10.pfb></Users/natybaleiuda/Library/TinyTeX/texmf-dist/fonts/type1/publi
c/lm/lmri7.pfb></Users/natybaleiuda/Library/TinyTeX/texmf-dist/fonts/type1/publ
ic/lm/lmri8.pfb></Users/natybaleiuda/Library/TinyTeX/texmf-dist/fonts/type1/pub
lic/lm/lmsy5.pfb></Users/natybaleiuda/Library/TinyTeX/texmf-dist/fonts/type1/pu
blic/lm/lmsy6.pfb></Users/natybaleiuda/Library/TinyTeX/texmf-dist/fonts/type1/p
ublic/lm/lmsy8.pfb></Users/natybaleiuda/Library/TinyTeX/texmf-dist/fonts/type1/
public/lm/lmtk10.pfb></Users/natybaleiuda/Library/TinyTeX/texmf-dist/fonts/type
1/public/lm/lmtt10.pfb></Users/natybaleiuda/Library/TinyTeX/texmf-dist/fonts/ty
pe1/public/lm/lmtti10.pfb>
Output written on Fake_News_Data_Stats.pdf (16 pages, 369745 bytes).
PDF statistics:
 222 PDF objects out of 1000 (max. 8388607)
 162 compressed objects within 2 object streams
 35 named destinations out of 1000 (max. 500000)
 46 words of extra memory for PDF output out of 10000 (max. 10000000)

